<?xml version="1.0" encoding="UTF-8"?>
<!-- Generated by org.testng.reporters.JUnitReportReporter -->
<testsuite skipped="0" hostname="LAPTOP-E2IEQ3CH" name="TestClass.ClassTest" tests="1" failures="0" timestamp="09 Dec 2020 06:12:16 GMT" time="0.012" errors="0">
  <testcase name="first" time="0.012" classname="TestClass.ClassTest"/>
</testsuite> <!-- TestClass.ClassTest -->
